<?xml version="1.0" encoding="UTF-8" ?>
<testsuite errors="1" failures="0" hostname="Fredriks-MBP" name="OrderSystemTest" skipped="0" tests="6" time="0.064" timestamp="2018-11-07T13:47:04">
  <properties>
    <property name="java.vendor" value="Oracle Corporation" />
    <property name="sun.java.launcher" value="SUN_STANDARD" />
    <property name="eclipse.pdebuild.templates" value="/Users/Fredrik/eclipse/java-2018-09/Eclipse.app/Contents/Eclipse/../../../../../.p2/pool/plugins/org.eclipse.pde.build_3.9.0.v20140415-2029/templates//" />
    <property name="sun.management.compiler" value="HotSpot 64-Bit Tiered Compilers" />
    <property name="lib" value="/Users/Fredrik/ant-workspace/TestJunitWithAnt/lib" />
    <property name="os.name" value="Mac OS X" />
    <property name="sun.boot.class.path" value="/Library/Java/JavaVirtualMachines/jdk1.8.0_144.jdk/Contents/Home/jre/lib/resources.jar:/Library/Java/JavaVirtualMachines/jdk1.8.0_144.jdk/Contents/Home/jre/lib/rt.jar:/Library/Java/JavaVirtualMachines/jdk1.8.0_144.jdk/Contents/Home/jre/lib/sunrsasign.jar:/Library/Java/JavaVirtualMachines/jdk1.8.0_144.jdk/Contents/Home/jre/lib/jsse.jar:/Library/Java/JavaVirtualMachines/jdk1.8.0_144.jdk/Contents/Home/jre/lib/jce.jar:/Library/Java/JavaVirtualMachines/jdk1.8.0_144.jdk/Contents/Home/jre/lib/charsets.jar:/Library/Java/JavaVirtualMachines/jdk1.8.0_144.jdk/Contents/Home/jre/lib/jfr.jar:/Library/Java/JavaVirtualMachines/jdk1.8.0_144.jdk/Contents/Home/jre/classes" />
    <property name="user.country.format" value="SE" />
    <property name="java.vm.specification.vendor" value="Oracle Corporation" />
    <property name="ant.home" value="/Users/Fredrik/.p2/pool/plugins/org.apache.ant_1.10.5.v20180808-0324" />
    <property name="java.runtime.version" value="1.8.0_144-b01" />
    <property name="user.name" value="Fredrik" />
    <property name="reports" value="/Users/Fredrik/ant-workspace/TestJunitWithAnt/reports" />
    <property name="ant.file.JunitTest" value="/Users/Fredrik/ant-workspace/TestJunitWithAnt/build.xml" />
    <property name="user.language" value="en" />
    <property name="sun.boot.library.path" value="/Library/Java/JavaVirtualMachines/jdk1.8.0_144.jdk/Contents/Home/jre/lib" />
    <property name="ant.project.default-target" value="test" />
    <property name="srcdir" value="/Users/Fredrik/ant-workspace/TestJunitWithAnt/src" />
    <property name="ant.project.name" value="JunitTest" />
    <property name="java.version" value="1.8.0_144" />
    <property name="user.timezone" value="" />
    <property name="sun.arch.data.model" value="64" />
    <property name="http.nonProxyHosts" value="local|*.local|169.254/16|*.169.254/16" />
    <property name="java.endorsed.dirs" value="/Library/Java/JavaVirtualMachines/jdk1.8.0_144.jdk/Contents/Home/jre/lib/endorsed" />
    <property name="sun.cpu.isalist" value="" />
    <property name="sun.jnu.encoding" value="UTF-8" />
    <property name="file.encoding.pkg" value="sun.io" />
    <property name="file.separator" value="/" />
    <property name="java.specification.name" value="Java Platform API Specification" />
    <property name="java.class.version" value="52.0" />
    <property name="user.country" value="US" />
    <property name="java.home" value="/Library/Java/JavaVirtualMachines/jdk1.8.0_144.jdk/Contents/Home/jre" />
    <property name="java.vm.info" value="mixed mode" />
    <property name="ant.file" value="/Users/Fredrik/ant-workspace/TestJunitWithAnt/build.xml" />
    <property name="os.version" value="10.14" />
    <property name="ant.file.type.JunitTest" value="file" />
    <property name="path.separator" value=":" />
    <property name="java.vm.version" value="25.144-b01" />
    <property name="ant.library.dir" value="/Users/Fredrik/.p2/pool/plugins/org.apache.ant_1.10.5.v20180808-0324/lib" />
    <property name="java.awt.printerjob" value="sun.lwawt.macosx.CPrinterJob" />
    <property name="sun.io.unicode.encoding" value="UnicodeBig" />
    <property name="awt.toolkit" value="sun.lwawt.macosx.LWCToolkit" />
    <property name="socksNonProxyHosts" value="local|*.local|169.254/16|*.169.254/16" />
    <property name="ftp.nonProxyHosts" value="local|*.local|169.254/16|*.169.254/16" />
    <property name="eclipse.pdebuild.scripts" value="/Users/Fredrik/eclipse/java-2018-09/Eclipse.app/Contents/Eclipse/../../../../../.p2/pool/plugins/org.eclipse.pde.build_3.9.0.v20140415-2029/scripts//" />
    <property name="user.home" value="/Users/Fredrik" />
    <property name="java.specification.vendor" value="Oracle Corporation" />
    <property name="java.library.path" value="/Users/Fredrik/Library/Java/Extensions:/Library/Java/Extensions:/Network/Library/Java/Extensions:/System/Library/Java/Extensions:/usr/lib/java:." />
    <property name="java.vendor.url" value="http://java.oracle.com/" />
    <property name="testdir" value="/Users/Fredrik/ant-workspace/TestJunitWithAnt/test" />
    <property name="java.vm.vendor" value="Oracle Corporation" />
    <property name="gopherProxySet" value="false" />
    <property name="java.runtime.name" value="Java(TM) SE Runtime Environment" />
    <property name="sun.java.command" value="org.apache.tools.ant.taskdefs.optional.junit.JUnitTestRunner OrderSystemTest skipNonTests=false filtertrace=true haltOnError=false haltOnFailure=false formatter=org.apache.tools.ant.taskdefs.optional.junit.SummaryJUnitResultFormatter showoutput=true outputtoformatters=true logfailedtests=true threadid=0 logtestlistenerevents=false formatter=org.apache.tools.ant.taskdefs.optional.junit.XMLJUnitResultFormatter,/Users/Fredrik/ant-workspace/TestJunitWithAnt/reports/raw/TEST-OrderSystemTest.xml crashfile=/Users/Fredrik/ant-workspace/TestJunitWithAnt/junitvmwatcher1818608576268338540.properties propsfile=/Users/Fredrik/ant-workspace/TestJunitWithAnt/junit101812500090061217.properties" />
    <property name="java.class.path" value="/Users/Fredrik/ant-workspace/TestJunitWithAnt/test:/Users/Fredrik/ant-workspace/TestJunitWithAnt/lib/hamcrest-core-1.3.jar:/Users/Fredrik/ant-workspace/TestJunitWithAnt/lib/junit-4.12.jar:/Users/Fredrik/ant-workspace/TestJunitWithAnt/lib/xalan.jar:/Users/Fredrik/.p2/pool/plugins/org.apache.ant_1.10.5.v20180808-0324/lib/ant-launcher.jar:/Users/Fredrik/.p2/pool/plugins/org.apache.ant_1.10.5.v20180808-0324/lib/ant.jar:/Users/Fredrik/.p2/pool/plugins/org.apache.ant_1.10.5.v20180808-0324/lib/ant-junit.jar:/Users/Fredrik/.p2/pool/plugins/org.apache.ant_1.10.5.v20180808-0324/lib/ant-junit4.jar" />
    <property name="ant.version" value="Apache Ant(TM) version 1.10.5 compiled on July 10 2018" />
    <property name="java.vm.specification.name" value="Java Virtual Machine Specification" />
    <property name="java.vm.specification.version" value="1.8" />
    <property name="sun.cpu.endian" value="little" />
    <property name="sun.os.patch.level" value="unknown" />
    <property name="eclipse.pdebuild.home" value="/Users/Fredrik/eclipse/java-2018-09/Eclipse.app/Contents/Eclipse/../../../../../.p2/pool/plugins/org.eclipse.pde.build_3.9.0.v20140415-2029/.//" />
    <property name="java.io.tmpdir" value="/var/folders/wh/x_mhb_651hzbkspjdpck2ts40000gn/T/" />
    <property name="java.vendor.url.bug" value="http://bugreport.sun.com/bugreport/" />
    <property name="os.arch" value="x86_64" />
    <property name="java.awt.graphicsenv" value="sun.awt.CGraphicsEnvironment" />
    <property name="java.ext.dirs" value="/Users/Fredrik/Library/Java/Extensions:/Library/Java/JavaVirtualMachines/jdk1.8.0_144.jdk/Contents/Home/jre/lib/ext:/Library/Java/Extensions:/Network/Library/Java/Extensions:/System/Library/Java/Extensions:/usr/lib/java" />
    <property name="user.dir" value="/Users/Fredrik/ant-workspace/TestJunitWithAnt" />
    <property name="line.separator" value="&#xa;" />
    <property name="java.vm.name" value="Java HotSpot(TM) 64-Bit Server VM" />
    <property name="basedir" value="/Users/Fredrik/ant-workspace/TestJunitWithAnt" />
    <property name="ant.java.version" value="1.8" />
    <property name="ant.core.lib" value="/Users/Fredrik/.p2/pool/plugins/org.apache.ant_1.10.5.v20180808-0324/lib/ant.jar" />
    <property name="file.encoding" value="UTF-8" />
    <property name="java.specification.version" value="1.8" />
    <property name="ant.project.invoked-targets" value="test" />
    <property name="full-compile" value="true" />
  </properties>
  <testcase classname="OrderSystemTest" name="addOrder" time="0.002" />
  <testcase classname="OrderSystemTest" name="formatDeliveryDate" time="0.0" />
  <testcase classname="OrderSystemTest" name="cancelAllOrders" time="0.0" />
  <testcase classname="OrderSystemTest" name="removeFromCart" time="0.006">
    <error message="Index: 0, Size: 0" type="java.lang.IndexOutOfBoundsException">java.lang.IndexOutOfBoundsException: Index: 0, Size: 0
	at java.util.ArrayList.rangeCheck(ArrayList.java:653)
	at java.util.ArrayList.get(ArrayList.java:429)
	at OrderSystem.getOrder(Unknown Source)
	at OrderSystemTest.removeFromCart(Unknown Source)
</error>
  </testcase>
  <testcase classname="OrderSystemTest" name="checkoutCart" time="0.0" />
  <testcase classname="OrderSystemTest" name="getOrder" time="0.0" />
  <system-out><![CDATA[Your order has been added to cart!
[]
0
]]></system-out>
  <system-err><![CDATA[]]></system-err>
</testsuite>
